<?xml version="1.0" encoding="UTF-8"?>
<!-- Generated by org.testng.reporters.JUnitXMLReporter -->
<testsuite hostname="IB" ignored="0" name="LoginTest" tests="1" failures="1" timestamp="22 Oct 2019 15:06:46 GMT" time="10.089" errors="0">
  <testcase name="loginAsAdminUser" time="10.053" classname="com.orangehr.testcases.LoginTest">
    <failure type="java.lang.AssertionError" message="Validation Error expected [true] but found [false]">
      <![CDATA[java.lang.AssertionError: Validation Error expected [true] but found [false]
at com.orangehr.testcases.LoginTest.loginAsAdminUser(LoginTest.java:16)
... Removed 28 stack frames]]>
    </failure>
  </testcase> <!-- loginAsAdminUser -->
</testsuite> <!-- LoginTest -->
